<?xml version="1.0" encoding="UTF-8"?>
<!-- Generated by org.testng.reporters.JUnitReportReporter -->
<testsuite skipped="0" hostname="DESKTOP-I6VP5K9" name="com.iNetBanking.testCases.Tc_Login_001" tests="1" failures="0" timestamp="11 Sep 2023 05:28:25 GMT" time="5.091" errors="0">
  <testcase name="loginTest" time="5.091" classname="com.iNetBanking.testCases.Tc_Login_001"/>
</testsuite> <!-- com.iNetBanking.testCases.Tc_Login_001 -->
